

Microchip MPLAB XC8 Assembler V2.36 build 20220127204148 
                                                                                               Thu Oct 20 11:36:40 2022

Microchip MPLAB XC8 C Compiler v2.36 (Free license) build 20220127204148 Og1 
     1                           	processor	18F458
     2                           	fnconf	rparam,??,?,0
     3                           	pagewidth 120
     4                           	opt	flic
     5                           	psect	cinit,global,reloc=2,class=CODE,delta=1
     6                           	psect	bssCOMRAM,global,class=COMRAM,space=1,delta=1,lowdata,noexec
     7                           	psect	cstackCOMRAM,global,class=COMRAM,space=1,delta=1,lowdata,noexec
     8                           	psect	text0,global,reloc=2,class=CODE,delta=1
     9                           	psect	text1,global,reloc=2,class=CODE,delta=1
    10                           	psect	text2,global,reloc=2,class=CODE,delta=1
    11                           	psect	text3,global,reloc=2,class=CODE,delta=1
    12                           	psect	text4,global,reloc=2,class=CODE,delta=1
    13                           	psect	text5,global,reloc=2,class=CODE,delta=1
    14                           	psect	intcode,global,reloc=2,class=CODE,delta=1
    15                           	psect	intsave_regs,global,class=BIGRAM,space=1,delta=1,noexec
    16                           	psect	rparam,global,class=COMRAM,space=1,delta=1,noexec
    17                           	psect	temp,global,ovrld,common,class=COMRAM,space=1,delta=1
    18                           	psect	idloc,global,abs,ovrld,class=IDLOC,space=5,delta=1,noexec
    19                           	psect	config,global,abs,ovrld,class=CONFIG,space=4,delta=1,noexec
    20  0000                     
    21                           ; Version 2.40
    22                           ; Generated 17/11/2021 GMT
    23                           ; 
    24                           ; Copyright © 2021, Microchip Technology Inc. and its subsidiaries ("Microchip")
    25                           ; All rights reserved.
    26                           ; 
    27                           ; This software is developed by Microchip Technology Inc. and its subsidiaries ("Microch
      +                          ip").
    28                           ; 
    29                           ; Redistribution and use in source and binary forms, with or without modification, are
    30                           ; permitted provided that the following conditions are met:
    31                           ; 
    32                           ;     1. Redistributions of source code must retain the above copyright notice, this lis
      +                          t of
    33                           ;        conditions and the following disclaimer.
    34                           ; 
    35                           ;     2. Redistributions in binary form must reproduce the above copyright notice, this 
      +                          list
    36                           ;        of conditions and the following disclaimer in the documentation and/or other
    37                           ;        materials provided with the distribution. Publication is not required when
    38                           ;        this file is used in an embedded application.
    39                           ; 
    40                           ;     3. Microchip's name may not be used to endorse or promote products derived from th
      +                          is
    41                           ;        software without specific prior written permission.
    42                           ; 
    43                           ; THIS SOFTWARE IS PROVIDED BY MICROCHIP "AS IS" AND ANY EXPRESS OR IMPLIED WARRANTIES,
    44                           ; INCLUDING, BUT NOT LIMITED TO, THE IMPLIED WARRANTIES OF MERCHANTABILITY AND FITNESS F
      +                          OR
    45                           ; PURPOSE ARE DISCLAIMED.  IN NO EVENT SHALL MICROCHIP BE LIABLE FOR ANY DIRECT, INDIREC
      +                          T,
    46                           ; INCIDENTAL, SPECIAL, EXEMPLARY, OR CONSEQUENTIAL DAMAGES (INCLUDING BUT NOT LIMITED TO
    47                           ; PROCUREMENT OF SUBSTITUTE GOODS OR SERVICES; LOSS OF USE, DATA OR PROFITS; OR BUSINESS
    48                           ; INTERRUPTION) HOWSOEVER CAUSED AND ON ANY THEORY OF LIABILITY, WHETHER IN CONTRACT, ST
      +                          RICT
    49                           ; LIABILITY, OR TORT (INCLUDING NEGLIGENCE OR OTHERWISE) ARISING IN ANY WAY OUT OF THE U
      +                          SE OF
    50                           ; THIS SOFTWARE, EVEN IF ADVISED OF THE POSSIBILITY OF SUCH DAMAGE.
    51                           ; 
    52                           ; 
    53                           ; Code-generator required, PIC18F458 Definitions
    54                           ; 
    55                           ; SFR Addresses
    56  0000                     _RXM0SIDH	set	3864
    57  0000                     _RXF0SIDL	set	3841
    58  0000                     _RXF0SIDH	set	3840
    59  0000                     _RXB0SIDH	set	3937
    60  0000                     _CANCON	set	3951
    61  0000                     _PORTBbits	set	3969
    62  0000                     _PIR3bits	set	4004
    63  0000                     _IPR3bits	set	4005
    64  0000                     _INTCONbits	set	4082
    65  0000                     _TRISBbits	set	3987
    66  0000                     _PIE3bits	set	4003
    67  0000                     _CIOCON	set	3955
    68  0000                     _BRGCON3	set	3954
    69  0000                     _BRGCON2	set	3953
    70  0000                     _BRGCON1	set	3952
    71  0000                     _RXB0D0	set	3942
    72  0000                     _RXB0SIDL	set	3938
    73  0000                     _TXB0CON	set	3904
    74  0000                     _TXB0SIDH	set	3905
    75  0000                     _RXB0CONbits	set	3936
    76  0000                     _RXM0SIDL	set	3865
    77  0000                     _RXB0D7	set	3949
    78  0000                     _RXB0D6	set	3948
    79  0000                     _RXB0D5	set	3947
    80  0000                     _RXB0D4	set	3946
    81  0000                     _RXB0D3	set	3945
    82  0000                     _RXB0D2	set	3944
    83  0000                     _RXB0D1	set	3943
    84  0000                     _TXB0DLC	set	3909
    85  0000                     _TXB0SIDL	set	3906
    86  0000                     _TXB0D7	set	3917
    87  0000                     _TXB0D6	set	3916
    88  0000                     _TXB0D5	set	3915
    89  0000                     _TXB0D4	set	3914
    90  0000                     _TXB0D3	set	3913
    91  0000                     _TXB0D2	set	3912
    92  0000                     _TXB0D1	set	3911
    93  0000                     _TXB0D0	set	3910
    94                           
    95                           ; #config settings
    96                           
    97                           	psect	cinit
    98  00019E                     __pcinit:
    99                           	callstack 0
   100  00019E                     start_initialization:
   101                           	callstack 0
   102  00019E                     __initialization:
   103                           	callstack 0
   104                           
   105                           ; Clear objects allocated to COMRAM (10 bytes)
   106  00019E  EE00  F001         	lfsr	0,__pbssCOMRAM
   107  0001A2  0E0A               	movlw	10
   108  0001A4                     clear_0:
   109  0001A4  6AEE               	clrf	postinc0,c
   110  0001A6  06E8               	decf	wreg,f,c
   111  0001A8  E1FD               	bnz	clear_0
   112  0001AA                     end_of_initialization:
   113                           	callstack 0
   114  0001AA                     __end_of__initialization:
   115                           	callstack 0
   116  0001AA  900F               	bcf	int$flags,0,c	;clear compiler interrupt flag (level 1)
   117  0001AC  920F               	bcf	int$flags,1,c	;clear compiler interrupt flag (level 2)
   118  0001AE  0100               	movlb	0
   119  0001B0  EF1B  F000         	goto	_main	;jump to C main() function
   120                           
   121                           	psect	bssCOMRAM
   122  000001                     __pbssCOMRAM:
   123                           	callstack 0
   124  000001                     _CAN_READ_MESSAGE:
   125                           	callstack 0
   126  000001                     	ds	8
   127  000009                     _flag:
   128                           	callstack 0
   129  000009                     	ds	2
   130                           
   131                           	psect	cstackCOMRAM
   132  00000B                     __pcstackCOMRAM:
   133                           	callstack 0
   134  00000B                     ??_tx_data:
   135  00000B                     
   136                           ; 1 bytes @ 0x0
   137  00000B                     	ds	2
   138  00000D                     ??_main:
   139                           
   140                           ; 1 bytes @ 0x2
   141  00000D                     	ds	2
   142                           
   143 ;;
   144 ;;Main: autosize = 0, tempsize = 2, incstack = 0, save=0
   145 ;;
   146 ;; *************** function _main *****************
   147 ;; Defined at:
   148 ;;		line 85 in file "main.c"
   149 ;; Parameters:    Size  Location     Type
   150 ;;		None
   151 ;; Auto vars:     Size  Location     Type
   152 ;;		None
   153 ;; Return value:  Size  Location     Type
   154 ;;                  1    wreg      void 
   155 ;; Registers used:
   156 ;;		wreg, fsr2l, fsr2h, status,2, status,0, cstack
   157 ;; Tracked objects:
   158 ;;		On entry : 0/0
   159 ;;		On exit  : 0/0
   160 ;;		Unchanged: 0/0
   161 ;; Data sizes:     COMRAM   BANK0   BANK1   BANK2   BANK3   BANK4   BANK5
   162 ;;      Params:         0       0       0       0       0       0       0
   163 ;;      Locals:         0       0       0       0       0       0       0
   164 ;;      Temps:          2       0       0       0       0       0       0
   165 ;;      Totals:         2       0       0       0       0       0       0
   166 ;;Total ram usage:        2 bytes
   167 ;; Hardware stack levels required when called: 2
   168 ;; This function calls:
   169 ;;		_can_config
   170 ;;		_can_init
   171 ;;		_read_can
   172 ;;		_sys_init
   173 ;;		_tx_data
   174 ;; This function is called by:
   175 ;;		Startup code after reset
   176 ;; This function uses a non-reentrant model
   177 ;;
   178                           
   179                           	psect	text0
   180  000036                     __ptext0:
   181                           	callstack 0
   182  000036                     _main:
   183                           	callstack 29
   184  000036  FFFF               	dw	65535	; assembler added errata NOP
   185                           
   186                           ;main.c: 87:     sys_init();
   187  000038  ECE1  F000         	call	_sys_init	;wreg free
   188                           
   189                           ;main.c: 88:     can_init();
   190  00003C  ECDA  F000         	call	_can_init	;wreg free
   191  000040                     
   192                           ;main.c: 89:     can_config();
   193  000040  EC9A  F000         	call	_can_config	;wreg free
   194  000044                     l882:
   195  000044  FFFF               	dw	65535	; assembler added errata NOP
   196                           
   197                           ;main.c: 93:     {;main.c: 94:         tx_data();
   198  000046  EC5D  F000         	call	_tx_data	;wreg free
   199  00004A                     
   200                           ;main.c: 95:         if(flag)
   201  00004A  5009               	movf	_flag^0,w,c
   202  00004C  100A               	iorwf	(_flag+1)^0,w,c
   203  00004E  B4D8               	btfsc	status,2,c
   204  000050  EF2C  F000         	goto	u21
   205  000054  EF2F  F000         	goto	u20
   206  000058                     u21:
   207  000058  FFFF               	dw	65535	; assembler added errata NOP
   208  00005A  EF22  F000         	goto	l882
   209  00005E                     u20:
   210  00005E  FFFF               	dw	65535	; assembler added errata NOP
   211  000060                     
   212                           ;main.c: 96:         {;main.c: 97:             read_can();
   213  000060  ECB9  F000         	call	_read_can	;wreg free
   214  000064                     
   215                           ;main.c: 98:             flag=0;
   216  000064  0E00               	movlw	0
   217  000066  6E0A               	movwf	(_flag+1)^0,c
   218  000068  0E00               	movlw	0
   219  00006A  6E09               	movwf	_flag^0,c
   220  00006C                     
   221                           ;main.c: 99:             _delay((unsigned long)((500)*(20000000/4000.0)));
   222  00006C  0E0A               	movlw	10
   223  00006E  6E0E               	movwf	(??_main+1)^0,c
   224  000070  0E85               	movlw	133
   225  000072  6E0D               	movwf	??_main^0,c
   226  000074  0E9F               	movlw	159
   227  000076                     u47:
   228  000076  FFFF               	dw	65535	; errata NOP
   229  000078  2EE8               	decfsz	wreg,f,c
   230  00007A  D7FD               	bra	u47
   231  00007C  2E0D               	decfsz	??_main^0,f,c
   232  00007E  D7FB               	bra	u47
   233  000080  2E0E               	decfsz	(??_main+1)^0,f,c
   234  000082  D7F9               	bra	u47
   235  000084  D000               	nop2	
   236  000086                     
   237                           ;main.c: 100:             PORTBbits.RB6 = ~(PORTBbits.RB6);
   238  000086  BC81               	btfsc	129,6,c	;volatile
   239  000088  EF48  F000         	goto	u31
   240  00008C  EF4C  F000         	goto	u30
   241  000090                     u31:
   242  000090  FFFF               	dw	65535	; assembler added errata NOP
   243  000092  0E01               	movlw	1
   244  000094  EF4E  F000         	goto	u36
   245  000098                     u30:
   246  000098  FFFF               	dw	65535	; assembler added errata NOP
   247  00009A  0E00               	movlw	0
   248  00009C                     u36:
   249  00009C  FFFF               	dw	65535	; assembler added errata NOP
   250  00009E  0AFF               	xorlw	255
   251  0000A0  6E0D               	movwf	??_main^0,c
   252  0000A2  3A0D               	swapf	??_main^0,f,c
   253  0000A4  460D               	rlncf	??_main^0,f,c
   254  0000A6  460D               	rlncf	??_main^0,f,c
   255  0000A8  5081               	movf	129,w,c	;volatile
   256  0000AA  180D               	xorwf	??_main^0,w,c
   257  0000AC  0BBF               	andlw	-65
   258  0000AE  180D               	xorwf	??_main^0,w,c
   259  0000B0  6E81               	movwf	129,c	;volatile
   260  0000B2  EF22  F000         	goto	l882
   261  0000B6  EF19  F000         	goto	start
   262  0000BA                     __end_of_main:
   263                           	callstack 0
   264                           
   265 ;; *************** function _tx_data *****************
   266 ;; Defined at:
   267 ;;		line 161 in file "main.c"
   268 ;; Parameters:    Size  Location     Type
   269 ;;		None
   270 ;; Auto vars:     Size  Location     Type
   271 ;;  ID              1    0        unsigned char 
   272 ;;  HL              1    0        unsigned char 
   273 ;;  DL              1    0        unsigned char 
   274 ;; Return value:  Size  Location     Type
   275 ;;                  1    wreg      void 
   276 ;; Registers used:
   277 ;;		wreg, fsr2l, fsr2h, status,2, status,0
   278 ;; Tracked objects:
   279 ;;		On entry : 0/0
   280 ;;		On exit  : 0/0
   281 ;;		Unchanged: 0/0
   282 ;; Data sizes:     COMRAM   BANK0   BANK1   BANK2   BANK3   BANK4   BANK5
   283 ;;      Params:         0       0       0       0       0       0       0
   284 ;;      Locals:         0       0       0       0       0       0       0
   285 ;;      Temps:          2       0       0       0       0       0       0
   286 ;;      Totals:         2       0       0       0       0       0       0
   287 ;;Total ram usage:        2 bytes
   288 ;; Hardware stack levels used: 1
   289 ;; Hardware stack levels required when called: 1
   290 ;; This function calls:
   291 ;;		Nothing
   292 ;; This function is called by:
   293 ;;		_main
   294 ;; This function uses a non-reentrant model
   295 ;;
   296                           
   297                           	psect	text1
   298  0000BA                     __ptext1:
   299                           	callstack 0
   300  0000BA                     _tx_data:
   301                           	callstack 0
   302  0000BA  FFFF               	dw	65535	; assembler added errata NOP
   303  0000BC                     
   304                           ;main.c: 166:     TXB0SIDH=HL;
   305  0000BC  0E0F               	movlw	15
   306  0000BE  CFE8 FF41          	movff	wreg,3905
   307  0000C2                     
   308                           ;main.c: 167:     TXB0SIDL=DL;
   309  0000C2  0EE0               	movlw	224
   310  0000C4  CFE8 FF42          	movff	wreg,3906
   311  0000C8                     
   312                           ;main.c: 168:     TXB0DLC=0X01;
   313  0000C8  0E01               	movlw	1
   314  0000CA  CFE8 FF45          	movff	wreg,3909
   315  0000CE                     
   316                           ;main.c: 169:     TXB0D0=CAN_READ_MESSAGE[0] ;
   317  0000CE  EE2F F046          	lfsr	2,3910
   318  0000D2  C001  FFDF         	movff	_CAN_READ_MESSAGE,indf2
   319  0000D6                     
   320                           ;main.c: 170:     TXB0D1=CAN_READ_MESSAGE[1];
   321  0000D6  EE2F F047          	lfsr	2,3911
   322  0000DA  C002  FFDF         	movff	_CAN_READ_MESSAGE+1,indf2
   323  0000DE                     
   324                           ;main.c: 171:     TXB0D2=CAN_READ_MESSAGE[2];
   325  0000DE  EE2F F048          	lfsr	2,3912
   326  0000E2  C003  FFDF         	movff	_CAN_READ_MESSAGE+2,indf2
   327  0000E6                     
   328                           ;main.c: 172:     TXB0D3=CAN_READ_MESSAGE[3];
   329  0000E6  EE2F F049          	lfsr	2,3913
   330  0000EA  C004  FFDF         	movff	_CAN_READ_MESSAGE+3,indf2
   331  0000EE                     
   332                           ;main.c: 173:     TXB0D4=CAN_READ_MESSAGE[4];
   333  0000EE  EE2F F04A          	lfsr	2,3914
   334  0000F2  C005  FFDF         	movff	_CAN_READ_MESSAGE+4,indf2
   335  0000F6                     
   336                           ;main.c: 174:     TXB0D5=CAN_READ_MESSAGE[5];
   337  0000F6  EE2F F04B          	lfsr	2,3915
   338  0000FA  C006  FFDF         	movff	_CAN_READ_MESSAGE+5,indf2
   339  0000FE                     
   340                           ;main.c: 175:     TXB0D6=CAN_READ_MESSAGE[6];
   341  0000FE  EE2F F04C          	lfsr	2,3916
   342  000102  C007  FFDF         	movff	_CAN_READ_MESSAGE+6,indf2
   343  000106                     
   344                           ;main.c: 176:     TXB0D7=CAN_READ_MESSAGE[7];
   345  000106  EE2F F04D          	lfsr	2,3917
   346  00010A  C008  FFDF         	movff	_CAN_READ_MESSAGE+7,indf2
   347  00010E                     
   348                           ;main.c: 177:     TXB0CON=0X08;
   349  00010E  0E08               	movlw	8
   350  000110  CFE8 FF40          	movff	wreg,3904
   351                           
   352                           ;main.c: 178:     CANCON=0X08;
   353  000114  0E08               	movlw	8
   354  000116  6E6F               	movwf	111,c	;volatile
   355  000118                     
   356                           ;main.c: 179:     _delay((unsigned long)((1000)*(20000000/4000.0)));
   357  000118  0E14               	movlw	20
   358  00011A  6E0C               	movwf	(??_tx_data+1)^0,c
   359  00011C  0E0A               	movlw	10
   360  00011E  6E0B               	movwf	??_tx_data^0,c
   361  000120  0E40               	movlw	64
   362  000122                     u57:
   363  000122  FFFF               	dw	65535	; errata NOP
   364  000124  2EE8               	decfsz	wreg,f,c
   365  000126  D7FD               	bra	u57
   366  000128  2E0B               	decfsz	??_tx_data^0,f,c
   367  00012A  D7FB               	bra	u57
   368  00012C  2E0C               	decfsz	(??_tx_data+1)^0,f,c
   369  00012E  D7F9               	bra	u57
   370  000130  0012               	return		;funcret
   371  000132  FFFF               	dw	65535	; errata NOP
   372  000134                     __end_of_tx_data:
   373                           	callstack 0
   374                           
   375 ;; *************** function _sys_init *****************
   376 ;; Defined at:
   377 ;;		line 106 in file "main.c"
   378 ;; Parameters:    Size  Location     Type
   379 ;;		None
   380 ;; Auto vars:     Size  Location     Type
   381 ;;		None
   382 ;; Return value:  Size  Location     Type
   383 ;;                  1    wreg      void 
   384 ;; Registers used:
   385 ;;		None
   386 ;; Tracked objects:
   387 ;;		On entry : 0/0
   388 ;;		On exit  : 0/0
   389 ;;		Unchanged: 0/0
   390 ;; Data sizes:     COMRAM   BANK0   BANK1   BANK2   BANK3   BANK4   BANK5
   391 ;;      Params:         0       0       0       0       0       0       0
   392 ;;      Locals:         0       0       0       0       0       0       0
   393 ;;      Temps:          0       0       0       0       0       0       0
   394 ;;      Totals:         0       0       0       0       0       0       0
   395 ;;Total ram usage:        0 bytes
   396 ;; Hardware stack levels used: 1
   397 ;; Hardware stack levels required when called: 1
   398 ;; This function calls:
   399 ;;		Nothing
   400 ;; This function is called by:
   401 ;;		_main
   402 ;; This function uses a non-reentrant model
   403 ;;
   404                           
   405                           	psect	text2
   406  0001C2                     __ptext2:
   407                           	callstack 0
   408  0001C2                     _sys_init:
   409                           	callstack 0
   410  0001C2  FFFF               	dw	65535	; assembler added errata NOP
   411  0001C4                     
   412                           ;main.c: 110:     INTCONbits.GIE = 1;
   413  0001C4  8EF2               	bsf	242,7,c	;volatile
   414                           
   415                           ;main.c: 111:     INTCONbits.PEIE = 1;
   416  0001C6  8CF2               	bsf	242,6,c	;volatile
   417  0001C8  0012               	return		;funcret
   418  0001CA  FFFF               	dw	65535	; errata NOP
   419  0001CC                     __end_of_sys_init:
   420                           	callstack 0
   421                           
   422 ;; *************** function _read_can *****************
   423 ;; Defined at:
   424 ;;		line 147 in file "main.c"
   425 ;; Parameters:    Size  Location     Type
   426 ;;		None
   427 ;; Auto vars:     Size  Location     Type
   428 ;;		None
   429 ;; Return value:  Size  Location     Type
   430 ;;                  1    wreg      void 
   431 ;; Registers used:
   432 ;;		wreg, status,2
   433 ;; Tracked objects:
   434 ;;		On entry : 0/0
   435 ;;		On exit  : 0/0
   436 ;;		Unchanged: 0/0
   437 ;; Data sizes:     COMRAM   BANK0   BANK1   BANK2   BANK3   BANK4   BANK5
   438 ;;      Params:         0       0       0       0       0       0       0
   439 ;;      Locals:         0       0       0       0       0       0       0
   440 ;;      Temps:          0       0       0       0       0       0       0
   441 ;;      Totals:         0       0       0       0       0       0       0
   442 ;;Total ram usage:        0 bytes
   443 ;; Hardware stack levels used: 1
   444 ;; Hardware stack levels required when called: 1
   445 ;; This function calls:
   446 ;;		Nothing
   447 ;; This function is called by:
   448 ;;		_main
   449 ;; This function uses a non-reentrant model
   450 ;;
   451                           
   452                           	psect	text3
   453  000172                     __ptext3:
   454                           	callstack 0
   455  000172                     _read_can:
   456                           	callstack 0
   457  000172  FFFF               	dw	65535	; assembler added errata NOP
   458  000174                     
   459                           ;main.c: 149:     CANCON = 0X0E;
   460  000174  0E0E               	movlw	14
   461  000176  6E6F               	movwf	111,c	;volatile
   462  000178                     
   463                           ;main.c: 150:     CAN_READ_MESSAGE[0]= RXB0D0;
   464  000178  CF66 F001          	movff	3942,_CAN_READ_MESSAGE	;volatile
   465  00017C                     
   466                           ;main.c: 151:     CAN_READ_MESSAGE[1]= RXB0D1;
   467  00017C  CF67 F002          	movff	3943,_CAN_READ_MESSAGE+1	;volatile
   468  000180                     
   469                           ;main.c: 152:     CAN_READ_MESSAGE[2]= RXB0D2;
   470  000180  CF68 F003          	movff	3944,_CAN_READ_MESSAGE+2	;volatile
   471  000184                     
   472                           ;main.c: 153:     CAN_READ_MESSAGE[3]= RXB0D3;
   473  000184  CF69 F004          	movff	3945,_CAN_READ_MESSAGE+3	;volatile
   474  000188                     
   475                           ;main.c: 154:     CAN_READ_MESSAGE[4]= RXB0D4;
   476  000188  CF6A F005          	movff	3946,_CAN_READ_MESSAGE+4	;volatile
   477  00018C                     
   478                           ;main.c: 155:     CAN_READ_MESSAGE[5]= RXB0D5;
   479  00018C  CF6B F006          	movff	3947,_CAN_READ_MESSAGE+5	;volatile
   480  000190                     
   481                           ;main.c: 156:     CAN_READ_MESSAGE[6]= RXB0D6;
   482  000190  CF6C F007          	movff	3948,_CAN_READ_MESSAGE+6	;volatile
   483  000194                     
   484                           ;main.c: 157:     CAN_READ_MESSAGE[7]= RXB0D7;
   485  000194  CF6D F008          	movff	3949,_CAN_READ_MESSAGE+7	;volatile
   486  000198                     
   487                           ;main.c: 158:     RXB0CONbits.RXB0FUL = 0;
   488  000198  9E60               	bcf	96,7,c	;volatile
   489  00019A  0012               	return		;funcret
   490  00019C  FFFF               	dw	65535	; errata NOP
   491  00019E                     __end_of_read_can:
   492                           	callstack 0
   493                           
   494 ;; *************** function _can_init *****************
   495 ;; Defined at:
   496 ;;		line 114 in file "main.c"
   497 ;; Parameters:    Size  Location     Type
   498 ;;		None
   499 ;; Auto vars:     Size  Location     Type
   500 ;;		None
   501 ;; Return value:  Size  Location     Type
   502 ;;                  1    wreg      void 
   503 ;; Registers used:
   504 ;;		None
   505 ;; Tracked objects:
   506 ;;		On entry : 0/0
   507 ;;		On exit  : 0/0
   508 ;;		Unchanged: 0/0
   509 ;; Data sizes:     COMRAM   BANK0   BANK1   BANK2   BANK3   BANK4   BANK5
   510 ;;      Params:         0       0       0       0       0       0       0
   511 ;;      Locals:         0       0       0       0       0       0       0
   512 ;;      Temps:          0       0       0       0       0       0       0
   513 ;;      Totals:         0       0       0       0       0       0       0
   514 ;;Total ram usage:        0 bytes
   515 ;; Hardware stack levels used: 1
   516 ;; Hardware stack levels required when called: 1
   517 ;; This function calls:
   518 ;;		Nothing
   519 ;; This function is called by:
   520 ;;		_main
   521 ;; This function uses a non-reentrant model
   522 ;;
   523                           
   524                           	psect	text4
   525  0001B4                     __ptext4:
   526                           	callstack 0
   527  0001B4                     _can_init:
   528                           	callstack 0
   529  0001B4  FFFF               	dw	65535	; assembler added errata NOP
   530  0001B6                     
   531                           ;main.c: 116:     TRISBbits.RB2=0;
   532  0001B6  9493               	bcf	147,2,c	;volatile
   533                           
   534                           ;main.c: 117:     TRISBbits.RB3=1;
   535  0001B8  8693               	bsf	147,3,c	;volatile
   536                           
   537                           ;main.c: 118:     TRISBbits.RB7= 0;
   538  0001BA  9E93               	bcf	147,7,c	;volatile
   539                           
   540                           ;main.c: 119:     TRISBbits.RB6= 0;
   541  0001BC  9C93               	bcf	147,6,c	;volatile
   542  0001BE  0012               	return		;funcret
   543  0001C0  FFFF               	dw	65535	; errata NOP
   544  0001C2                     __end_of_can_init:
   545                           	callstack 0
   546                           
   547 ;; *************** function _can_config *****************
   548 ;; Defined at:
   549 ;;		line 121 in file "main.c"
   550 ;; Parameters:    Size  Location     Type
   551 ;;		None
   552 ;; Auto vars:     Size  Location     Type
   553 ;;  IDH             1    0        unsigned char 
   554 ;;  IDL             1    0        unsigned char 
   555 ;; Return value:  Size  Location     Type
   556 ;;                  1    wreg      void 
   557 ;; Registers used:
   558 ;;		wreg, status,2
   559 ;; Tracked objects:
   560 ;;		On entry : 0/0
   561 ;;		On exit  : 0/0
   562 ;;		Unchanged: 0/0
   563 ;; Data sizes:     COMRAM   BANK0   BANK1   BANK2   BANK3   BANK4   BANK5
   564 ;;      Params:         0       0       0       0       0       0       0
   565 ;;      Locals:         0       0       0       0       0       0       0
   566 ;;      Temps:          0       0       0       0       0       0       0
   567 ;;      Totals:         0       0       0       0       0       0       0
   568 ;;Total ram usage:        0 bytes
   569 ;; Hardware stack levels used: 1
   570 ;; Hardware stack levels required when called: 1
   571 ;; This function calls:
   572 ;;		Nothing
   573 ;; This function is called by:
   574 ;;		_main
   575 ;; This function uses a non-reentrant model
   576 ;;
   577                           
   578                           	psect	text5
   579  000134                     __ptext5:
   580                           	callstack 0
   581  000134                     _can_config:
   582                           	callstack 0
   583  000134  FFFF               	dw	65535	; assembler added errata NOP
   584  000136                     
   585                           ;main.c: 124:     CANCON= 0x80;
   586  000136  0E80               	movlw	128
   587  000138  6E6F               	movwf	111,c	;volatile
   588                           
   589                           ;main.c: 126:     BRGCON1=0XC1;
   590  00013A  0EC1               	movlw	193
   591  00013C  6E70               	movwf	112,c	;volatile
   592                           
   593                           ;main.c: 127:     BRGCON2=0XAE;
   594  00013E  0EAE               	movlw	174
   595  000140  6E71               	movwf	113,c	;volatile
   596                           
   597                           ;main.c: 128:     BRGCON3=0XA5;
   598  000142  0EA5               	movlw	165
   599  000144  6E72               	movwf	114,c	;volatile
   600  000146  5061               	movf	97,w,c	;volatile
   601  000148  5062               	movf	98,w,c	;volatile
   602                           
   603                           ;main.c: 135:     CIOCON=0x20;
   604  00014A  0E20               	movlw	32
   605  00014C  6E73               	movwf	115,c	;volatile
   606                           
   607                           ;main.c: 137:     CANCON=0X0E;
   608  00014E  0E0E               	movlw	14
   609  000150  6E6F               	movwf	111,c	;volatile
   610  000152                     
   611                           ;main.c: 138:     PIE3bits.RXB0IE=1;
   612  000152  80A3               	bsf	163,0,c	;volatile
   613  000154                     
   614                           ;main.c: 139:     IPR3bits.RXB0IP =1;
   615  000154  80A5               	bsf	165,0,c	;volatile
   616  000156                     
   617                           ;main.c: 141:     RXF0SIDH=0x00;
   618  000156  0E00               	movlw	0
   619  000158  CFE8 FF00          	movff	wreg,3840
   620  00015C                     
   621                           ;main.c: 142:     RXF0SIDL=0x00;
   622  00015C  0E00               	movlw	0
   623  00015E  CFE8 FF01          	movff	wreg,3841
   624  000162                     
   625                           ;main.c: 144:     RXM0SIDH=0x00;
   626  000162  0E00               	movlw	0
   627  000164  CFE8 FF18          	movff	wreg,3864
   628  000168                     
   629                           ;main.c: 145:     RXM0SIDL=0x00;
   630  000168  0E00               	movlw	0
   631  00016A  CFE8 FF19          	movff	wreg,3865
   632  00016E  0012               	return		;funcret
   633  000170  FFFF               	dw	65535	; errata NOP
   634  000172                     __end_of_can_config:
   635                           	callstack 0
   636                           
   637 ;; *************** function _ISR1 *****************
   638 ;; Defined at:
   639 ;;		line 74 in file "main.c"
   640 ;; Parameters:    Size  Location     Type
   641 ;;		None
   642 ;; Auto vars:     Size  Location     Type
   643 ;;		None
   644 ;; Return value:  Size  Location     Type
   645 ;;                  1    wreg      void 
   646 ;; Registers used:
   647 ;;		wreg, status,2
   648 ;; Tracked objects:
   649 ;;		On entry : 0/0
   650 ;;		On exit  : 0/0
   651 ;;		Unchanged: 0/0
   652 ;; Data sizes:     COMRAM   BANK0   BANK1   BANK2   BANK3   BANK4   BANK5
   653 ;;      Params:         0       0       0       0       0       0       0
   654 ;;      Locals:         0       0       0       0       0       0       0
   655 ;;      Temps:          0       0       0       0       0       0       0
   656 ;;      Totals:         0       0       0       0       0       0       0
   657 ;;Total ram usage:        0 bytes
   658 ;; Hardware stack levels used: 1
   659 ;; This function calls:
   660 ;;		Nothing
   661 ;; This function is called by:
   662 ;;		Interrupt level 2
   663 ;; This function uses a non-reentrant model
   664 ;;
   665                           
   666                           	psect	intcode
   667  000008                     __pintcode:
   668                           	callstack 0
   669  000008                     _ISR1:
   670                           	callstack 0
   671  000008  FFFF               	dw	65535	; assembler added errata NOP
   672                           
   673                           ;incstack = 0
   674  00000A  820F               	bsf	int$flags,1,c	;set compiler interrupt flag (level 2)
   675  00000C                     
   676                           ;main.c: 77:         if(PIR3bits.RXB0IF==1)
   677  00000C  A0A4               	btfss	164,0,c	;volatile
   678  00000E  EF0B  F000         	goto	i2u1_41
   679  000012  EF0E  F000         	goto	i2u1_40
   680  000016                     i2u1_41:
   681  000016  FFFF               	dw	65535	; assembler added errata NOP
   682  000018  EF14  F000         	goto	i2l98
   683  00001C                     i2u1_40:
   684  00001C  FFFF               	dw	65535	; assembler added errata NOP
   685  00001E                     
   686                           ;main.c: 78:         {;main.c: 79:          PIR3bits.RXB0IF=0;
   687  00001E  90A4               	bcf	164,0,c	;volatile
   688  000020                     
   689                           ;main.c: 80:          flag = 1;
   690  000020  0E00               	movlw	0
   691  000022  6E0A               	movwf	(_flag+1)^0,c
   692  000024  0E01               	movlw	1
   693  000026  6E09               	movwf	_flag^0,c
   694  000028                     i2l98:
   695  000028  FFFF               	dw	65535	; assembler added errata NOP
   696  00002A  920F               	bcf	int$flags,1,c	;clear compiler interrupt flag (level 2)
   697  00002C  0011               	retfie		f
   698  00002E  FFFF               	dw	65535	; errata NOP
   699  000030                     __end_of_ISR1:
   700                           	callstack 0
   701  000030  FFFF               	dw	65535	; assembler added errata NOP
   702                           
   703                           	psect	rparam
   704  0000                     
   705                           	psect	temp
   706  00000F                     btemp:
   707                           	callstack 0
   708  00000F                     	ds	1
   709  0000                     int$flags	set	btemp
   710  0000                     wtemp8	set	btemp+1
   711  0000                     ttemp5	set	btemp+1
   712  0000                     ttemp6	set	btemp+4
   713  0000                     ttemp7	set	btemp+8
   714                           
   715                           	psect	idloc
   716                           
   717                           ;Config register IDLOC0 @ 0x200000
   718                           ;	unspecified, using default values
   719  200000                     	org	2097152
   720  200000  FF                 	db	255
   721                           
   722                           ;Config register IDLOC1 @ 0x200001
   723                           ;	unspecified, using default values
   724  200001                     	org	2097153
   725  200001  FF                 	db	255
   726                           
   727                           ;Config register IDLOC2 @ 0x200002
   728                           ;	unspecified, using default values
   729  200002                     	org	2097154
   730  200002  FF                 	db	255
   731                           
   732                           ;Config register IDLOC3 @ 0x200003
   733                           ;	unspecified, using default values
   734  200003                     	org	2097155
   735  200003  FF                 	db	255
   736                           
   737                           ;Config register IDLOC4 @ 0x200004
   738                           ;	unspecified, using default values
   739  200004                     	org	2097156
   740  200004  FF                 	db	255
   741                           
   742                           ;Config register IDLOC5 @ 0x200005
   743                           ;	unspecified, using default values
   744  200005                     	org	2097157
   745  200005  FF                 	db	255
   746                           
   747                           ;Config register IDLOC6 @ 0x200006
   748                           ;	unspecified, using default values
   749  200006                     	org	2097158
   750  200006  FF                 	db	255
   751                           
   752                           ;Config register IDLOC7 @ 0x200007
   753                           ;	unspecified, using default values
   754  200007                     	org	2097159
   755  200007  FF                 	db	255
   756                           
   757                           	psect	config
   758                           
   759                           ; Padding undefined space
   760  300000                     	org	3145728
   761  300000  FF                 	db	255
   762                           
   763                           ;Config register CONFIG1H @ 0x300001
   764                           ;	Oscillator Selection bits
   765                           ;	OSC = HS, HS oscillator
   766                           ;	Oscillator System Clock Switch Enable bit
   767                           ;	OSCS = OFF, Oscillator system clock switch option is disabled (main oscillator is sour
      +                          ce)
   768  300001                     	org	3145729
   769  300001  22                 	db	34
   770                           
   771                           ;Config register CONFIG2L @ 0x300002
   772                           ;	Power-up Timer Enable bit
   773                           ;	PWRT = OFF, PWRT disabled
   774                           ;	Brown-out Reset Enable bit
   775                           ;	BOR = OFF, Brown-out Reset disabled
   776                           ;	Brown-out Reset Voltage bits
   777                           ;	BORV = 25, VBOR set to 2.5V
   778  300002                     	org	3145730
   779  300002  0D                 	db	13
   780                           
   781                           ;Config register CONFIG2H @ 0x300003
   782                           ;	Watchdog Timer Enable bit
   783                           ;	WDT = OFF, WDT disabled (control is placed on the SWDTEN bit)
   784                           ;	Watchdog Timer Postscale Select bits
   785                           ;	WDTPS = 128, 1:128
   786  300003                     	org	3145731
   787  300003  0E                 	db	14
   788                           
   789                           ;Config register CONFIG4L @ 0x300006
   790                           ;	Stack Full/Underflow Reset Enable bit
   791                           ;	STVR = OFF, Stack Full/Underflow will not cause Reset
   792                           ;	Low-Voltage ICSP Enable bit
   793                           ;	LVP = OFF, Low-Voltage ICSP disabled
   794                           ;	Background Debugger Enable bit
   795                           ;	DEBUG = 0x1, unprogrammed default
   796  300006                     	org	3145734
   797  300006  80                 	db	128
   798                           
   799                           ; Padding undefined space
   800  300007                     	org	3145735
   801  300007  FF                 	db	255
   802                           
   803                           ;Config register CONFIG5L @ 0x300008
   804                           ;	Code Protection bit
   805                           ;	CP0 = OFF, Block 0 (000200-001FFFh) not code protected
   806                           ;	Code Protection bit
   807                           ;	CP1 = OFF, Block 1 (002000-003FFFh) not code protected
   808                           ;	Code Protection bit
   809                           ;	CP2 = OFF, Block 2 (004000-005FFFh) not code protected
   810                           ;	Code Protection bit
   811                           ;	CP3 = OFF, Block 3 (006000-007FFFh) not code protected
   812  300008                     	org	3145736
   813  300008  0F                 	db	15
   814                           
   815                           ;Config register CONFIG5H @ 0x300009
   816                           ;	Boot Block Code Protection bit
   817                           ;	CPB = OFF, Boot Block (000000-0001FFh) not code protected
   818                           ;	Data EEPROM Code Protection bit
   819                           ;	CPD = OFF, Data EEPROM not code protected
   820  300009                     	org	3145737
   821  300009  C0                 	db	192
   822                           
   823                           ;Config register CONFIG6L @ 0x30000A
   824                           ;	Write Protection bit
   825                           ;	WRT0 = OFF, Block 0 (000200-001FFFh) not write protected
   826                           ;	Write Protection bit
   827                           ;	WRT1 = OFF, Block 1 (002000-003FFFh) not write protected
   828                           ;	Write Protection bit
   829                           ;	WRT2 = OFF, Block 2 (004000-005FFFh) not write protected
   830                           ;	Write Protection bit
   831                           ;	WRT3 = OFF, Block 3 (006000-007FFFh) not write protected
   832  30000A                     	org	3145738
   833  30000A  0F                 	db	15
   834                           
   835                           ;Config register CONFIG6H @ 0x30000B
   836                           ;	Configuration Register Write Protection bit
   837                           ;	WRTC = OFF, Configuration registers (300000-3000FFh) not write protected
   838                           ;	Boot Block Write Protection bit
   839                           ;	WRTB = OFF, Boot Block (000000-0001FFh) not write protected
   840                           ;	Data EEPROM Write Protection bit
   841                           ;	WRTD = OFF, Data EEPROM not write protected
   842  30000B                     	org	3145739
   843  30000B  E0                 	db	224
   844                           
   845                           ;Config register CONFIG7L @ 0x30000C
   846                           ;	Table Read Protection bit
   847                           ;	EBTR0 = OFF, Block 0 (000200-001FFFh) not protected from Table Reads executed in other
      +                           blocks
   848                           ;	Table Read Protection bit
   849                           ;	EBTR1 = OFF, Block 1 (002000-003FFFh) not protected from Table Reads executed in other
      +                           blocks
   850                           ;	Table Read Protection bit
   851                           ;	EBTR2 = OFF, Block 2 (004000-005FFFh) not protected from Table Reads executed in other
      +                           blocks
   852                           ;	Table Read Protection bit
   853                           ;	EBTR3 = OFF, Block 3 (006000-007FFFh) not protected from Table Reads executed in other
      +                           blocks
   854  30000C                     	org	3145740
   855  30000C  0F                 	db	15
   856                           
   857                           ;Config register CONFIG7H @ 0x30000D
   858                           ;	Boot Block Table Read Protection bit
   859                           ;	EBTRB = OFF, Boot Block (000000-0001FFh) not protected from Table Reads executed in ot
      +                          her blocks
   860  30000D                     	org	3145741
   861  30000D  40                 	db	64
   862                           tosu	equ	0xFFF
   863                           tosh	equ	0xFFE
   864                           tosl	equ	0xFFD
   865                           stkptr	equ	0xFFC
   866                           pclatu	equ	0xFFB
   867                           pclath	equ	0xFFA
   868                           pcl	equ	0xFF9
   869                           tblptru	equ	0xFF8
   870                           tblptrh	equ	0xFF7
   871                           tblptrl	equ	0xFF6
   872                           tablat	equ	0xFF5
   873                           prodh	equ	0xFF4
   874                           prodl	equ	0xFF3
   875                           indf0	equ	0xFEF
   876                           postinc0	equ	0xFEE
   877                           postdec0	equ	0xFED
   878                           preinc0	equ	0xFEC
   879                           plusw0	equ	0xFEB
   880                           fsr0h	equ	0xFEA
   881                           fsr0l	equ	0xFE9
   882                           wreg	equ	0xFE8
   883                           indf1	equ	0xFE7
   884                           postinc1	equ	0xFE6
   885                           postdec1	equ	0xFE5
   886                           preinc1	equ	0xFE4
   887                           plusw1	equ	0xFE3
   888                           fsr1h	equ	0xFE2
   889                           fsr1l	equ	0xFE1
   890                           bsr	equ	0xFE0
   891                           indf2	equ	0xFDF
   892                           postinc2	equ	0xFDE
   893                           postdec2	equ	0xFDD
   894                           preinc2	equ	0xFDC
   895                           plusw2	equ	0xFDB
   896                           fsr2h	equ	0xFDA
   897                           fsr2l	equ	0xFD9
   898                           status	equ	0xFD8

Data Sizes:
    Strings     0
    Constant    0
    Data        0
    BSS         10
    Persistent  0
    Stack       0

Auto Spaces:
    Space          Size  Autos    Used
    COMRAM           94      4      14
    BANK0           160      0       0
    BANK1           256      0       0
    BANK2           256      0       0
    BANK3           256      0       0
    BANK4           256      0       0
    BANK5           256      0       0

Pointer List with Targets:

    None.

Critical Paths under _main in COMRAM

    _main->_tx_data

Critical Paths under _ISR1 in COMRAM

    None.

Critical Paths under _main in BANK0

    None.

Critical Paths under _ISR1 in BANK0

    None.

Critical Paths under _main in BANK1

    None.

Critical Paths under _ISR1 in BANK1

    None.

Critical Paths under _main in BANK2

    None.

Critical Paths under _ISR1 in BANK2

    None.

Critical Paths under _main in BANK3

    None.

Critical Paths under _ISR1 in BANK3

    None.

Critical Paths under _main in BANK4

    None.

Critical Paths under _ISR1 in BANK4

    None.

Critical Paths under _main in BANK5

    None.

Critical Paths under _ISR1 in BANK5

    None.

Call Graph Tables:

 ---------------------------------------------------------------------------------
 (Depth) Function   	        Calls       Base Space   Used Autos Params    Refs
 ---------------------------------------------------------------------------------
 (0) _main                                                 2     2      0      60
                                              2 COMRAM     2     2      0
                         _can_config
                           _can_init
                           _read_can
                           _sys_init
                            _tx_data
 ---------------------------------------------------------------------------------
 (1) _tx_data                                              5     5      0      60
                                              0 COMRAM     2     2      0
 ---------------------------------------------------------------------------------
 (1) _sys_init                                             0     0      0       0
 ---------------------------------------------------------------------------------
 (1) _read_can                                             0     0      0       0
 ---------------------------------------------------------------------------------
 (1) _can_init                                             0     0      0       0
 ---------------------------------------------------------------------------------
 (1) _can_config                                           2     2      0       0
 ---------------------------------------------------------------------------------
 Estimated maximum stack depth 1
 ---------------------------------------------------------------------------------
 (Depth) Function   	        Calls       Base Space   Used Autos Params    Refs
 ---------------------------------------------------------------------------------
 (2) _ISR1                                                 0     0      0       0
 ---------------------------------------------------------------------------------
 Estimated maximum stack depth 2
 ---------------------------------------------------------------------------------

 Call Graph Graphs:

 _main (ROOT)
   _can_config
   _can_init
   _read_can
   _sys_init
   _tx_data

 _ISR1 (ROOT)

 Address spaces:
Name               Size   Autos  Total    Cost      Usage
BIGRAM             5FF      0       0      28        0.0%
EEDATA             100      0       0       0        0.0%
BITBANK5           100      0       0      14        0.0%
BANK5              100      0       0      15        0.0%
BITBANK4           100      0       0      12        0.0%
BANK4              100      0       0      13        0.0%
BITBANK3           100      0       0      10        0.0%
BANK3              100      0       0      11        0.0%
BITBANK2           100      0       0       8        0.0%
BANK2              100      0       0       9        0.0%
BITBANK1           100      0       0       6        0.0%
BANK1              100      0       0       7        0.0%
BITBANK0            A0      0       0       4        0.0%
BANK0               A0      0       0       5        0.0%
BITCOMRAM           5E      0       0       0        0.0%
COMRAM              5E      4       E       1       14.9%
BITBIGSFRhl         4C      0       0      17        0.0%
BITBIGSFRllllhl     26      0       0      25        0.0%
BITBIGSFRlllll      16      0       0      26        0.0%
BITBIGSFRllllhh     12      0       0      23        0.0%
BITBIGSFRlhl        11      0       0      19        0.0%
BITBIGSFRlhh         F      0       0      18        0.0%
BITBIGSFRllh         D      0       0      20        0.0%
BITBIGSFRhh          D      0       0      16        0.0%
BITBIGSFRlllhl       3      0       0      22        0.0%
BITBIGSFRllllhh      2      0       0      24        0.0%
BITBIGSFRlllhh       1      0       0      21        0.0%
BIGSFR               0      0       0     200        0.0%
BITSFR_1             0      0       0     200        0.0%
SFR_1                0      0       0     200        0.0%
BITSFR               0      0       0     200        0.0%
SFR                  0      0       0     200        0.0%
STACK                0      0       0       2        0.0%
NULL                 0      0       0       0        0.0%
ABS                  0      0       E      27        0.0%
DATA                 0      0       E       3        0.0%
CODE                 0      0       0       0        0.0%


Microchip Technology PIC18 Macro Assembler V2.36 build 20220127204148 
Symbol Table                                                                                   Thu Oct 20 11:36:40 2022

                                                         u20 005E  
                                                         u21 0058  
                                                         u30 0098  
                                                         u31 0090  
                                                         u36 009C  
                                                         u47 0076  
                                                         u57 0122  
                                                        l110 01C8  
                                                        l113 01BE  
                                                        l122 0130  
                                                        l116 016E  
                                                        l119 019A  
                                                        l800 01B6  
                                                        l810 0154  
                                                        l802 0136  
                                                        l812 0156  
                                                        l804 0146  
                                                        l820 00BC  
                                                        l814 015C  
                                                        l806 0148  
                                                        l830 00C8  
                                                        l822 00BC  
                                                        l816 0162  
                                                        l808 0152  
                                                        l840 00EE  
                                                        l832 00CE  
                                                        l824 00BC  
                                                        l818 0168  
                                                        l850 0118  
                                                        l842 00F6  
                                                        l834 00D6  
                                                        l826 00BC  
                                                        l860 0184  
                                                        l852 0174  
                                                        l844 00FE  
                                                        l836 00DE  
                                                        l828 00C2  
                                                        l870 0198  
                                                        l862 0188  
                                                        l854 0178  
                                                        l846 0106  
                                                        l838 00E6  
                                                        l864 018C  
                                                        l856 017C  
                                                        l848 010E  
                                                        l880 0040  
                                                        l866 0190  
                                                        l858 0180  
                                                        l890 006C  
                                                        l882 0044  
                                                        l868 0194  
                                                        l892 0086  
                                                        l884 004A  
                                                        l798 01C4  
                                                        l886 0060  
                                                        l878 0036  
                                                        l888 0064  
                                                        wreg 000FE8  
                                                       _ISR1 0008  
                                                       i2l98 0028  
                                                       _flag 0009  
                                                       _main 0036  
                                                       indf2 000FDF  
                                                       btemp 000F  
                                                       start 0032  
                                               ___param_bank 000000  
                                                      ?_ISR1 000B  
                                                      ?_main 000B  
                                                      i2l872 000C  
                                                      i2l874 001E  
                                                      i2l876 0020  
                                                      ttemp5 0010  
                                                      ttemp6 0013  
                                                      ttemp7 0017  
                                            __end_of_tx_data 0134  
                                                      status 000FD8  
                                                      wtemp8 0010  
                                               __end_of_ISR1 0030  
                                            __initialization 019E  
                                               __end_of_main 00BA  
                                                     ??_ISR1 000B  
                                                     ??_main 000D  
                                              __activetblptr 000000  
                                                     _CANCON 000F6F  
                                                     _CIOCON 000F73  
                                                     _RXB0D0 000F66  
                                                     _RXB0D1 000F67  
                                                     _RXB0D2 000F68  
                                                     _RXB0D3 000F69  
                                                     _RXB0D4 000F6A  
                                                     _RXB0D5 000F6B  
                                                     _RXB0D6 000F6C  
                                                     _RXB0D7 000F6D  
                                                     _TXB0D0 000F46  
                                                     _TXB0D1 000F47  
                                                     _TXB0D2 000F48  
                                                     _TXB0D3 000F49  
                                                     _TXB0D4 000F4A  
                                                     _TXB0D5 000F4B  
                                                     _TXB0D6 000F4C  
                                                     _TXB0D7 000F4D  
                                                     i2u1_40 001C  
                                                     i2u1_41 0016  
                                           __end_of_can_init 01C2  
                                           __end_of_read_can 019E  
                                                     clear_0 01A4  
                                                     isa$std 000001  
                                                  ??_tx_data 000B  
                                           __end_of_sys_init 01CC  
                                                 __accesstop 0060  
                                    __end_of__initialization 01AA  
                                              ___rparam_used 000001  
                                             __pcstackCOMRAM 000B  
                                                 _can_config 0134  
                                                    _BRGCON1 000F70  
                                                    _BRGCON2 000F71  
                                                    _BRGCON3 000F72  
                                                  ?_can_init 000B  
                                                    _TXB0DLC 000F45  
                                                    _TXB0CON 000F40  
                                                  ?_read_can 000B  
                                                    __Hparam 0000  
                                                    __Lparam 0000  
                                                    __pcinit 019E  
                                                    __ramtop 0600  
                                                    __ptext0 0036  
                                                    __ptext1 00BA  
                                                    __ptext2 01C2  
                                                    __ptext3 0172  
                                                    __ptext4 01B4  
                                                    __ptext5 0134  
                                                  ?_sys_init 000B  
                                                 ??_can_init 000B  
                                                ?_can_config 000B  
                                                    _tx_data 00BA  
                                       end_of_initialization 01AA  
                                                 ??_read_can 000B  
                                                    postinc0 000FEE  
                                                  _PORTBbits 000F81  
                                                 ??_sys_init 000B  
                                                  _TRISBbits 000F93  
                                        start_initialization 019E  
                                                __pbssCOMRAM 0001  
                                                  __pintcode 0008  
                                               ??_can_config 000B  
                                                   ?_tx_data 000B  
                                                   _IPR3bits 000FA5  
                                                   _PIE3bits 000FA3  
                                                   _PIR3bits 000FA4  
                                                   _RXB0SIDH 000F61  
                                                   _RXB0SIDL 000F62  
                                                   _RXF0SIDH 000F00  
                                                   _RXF0SIDL 000F01  
                                         __end_of_can_config 0172  
                                                   _TXB0SIDH 000F41  
                                                   _TXB0SIDL 000F42  
                                                   _RXM0SIDH 000F18  
                                                   _RXM0SIDL 000F19  
                                                   __Hrparam 0000  
                                                   __Lrparam 0000  
                                                   _can_init 01B4  
                                                   _read_can 0172  
                                                   isa$xinst 000000  
                                                   int$flags 000F  
                                                   _sys_init 01C2  
                                                _RXB0CONbits 000F60  
                                                 _INTCONbits 000FF2  
                                                   intlevel2 01CC  
                                           _CAN_READ_MESSAGE 0001  
